2025-08-12 00:37:01,212 [INFO] train - Valid accuracy: 0.8326
2025-08-12 00:37:01,299 [INFO] train - Saved model: models\xgb_h16.json
2025-08-12 00:37:01,299 [INFO] train - Saved scaler: models\scaler_h16.joblib
2025-08-12 00:37:01,299 [INFO] train - Saved meta: models\meta_h16.json
2025-08-12 00:37:02,625 [INFO] train - Valid accuracy: 0.8412
2025-08-12 00:37:02,712 [INFO] train - Saved model: models\xgb_h16.json
2025-08-12 00:37:02,712 [INFO] train - Saved scaler: models\scaler_h16.joblib
2025-08-12 00:37:02,713 [INFO] train - Saved meta: models\meta_h16.json
2025-08-12 00:37:03,993 [INFO] train - Valid accuracy: 0.8428
2025-08-12 00:37:04,079 [INFO] train - Saved model: models\xgb_h16.json
2025-08-12 00:37:04,079 [INFO] train - Saved scaler: models\scaler_h16.joblib
2025-08-12 00:37:04,080 [INFO] train - Saved meta: models\meta_h16.json
2025-08-12 00:42:56,682 [INFO] train - Valid accuracy: 0.8219
2025-08-12 00:42:56,759 [INFO] train - Saved model: models\xgb_h16.json
2025-08-12 00:42:56,759 [INFO] train - Saved scaler: models\scaler_h16.joblib
2025-08-12 00:42:56,760 [INFO] train - Saved meta: models\meta_h16.json
2025-08-12 00:42:58,187 [INFO] train - Valid accuracy: 0.8336
2025-08-12 00:42:58,268 [INFO] train - Saved model: models\xgb_h16.json
2025-08-12 00:42:58,268 [INFO] train - Saved scaler: models\scaler_h16.joblib
2025-08-12 00:42:58,268 [INFO] train - Saved meta: models\meta_h16.json
2025-08-12 00:42:59,645 [INFO] train - Valid accuracy: 0.8336
2025-08-12 00:42:59,719 [INFO] train - Saved model: models\xgb_h16.json
2025-08-12 00:42:59,719 [INFO] train - Saved scaler: models\scaler_h16.joblib
2025-08-12 00:42:59,719 [INFO] train - Saved meta: models\meta_h16.json
2025-08-12 18:17:10,821 [INFO] train - Valid accuracy: 0.8219
2025-08-12 18:17:10,895 [INFO] train - Saved model: models\xgb_h16.json
2025-08-12 18:17:10,895 [INFO] train - Saved scaler: models\scaler_h16.joblib
2025-08-12 18:17:10,895 [INFO] train - Saved meta: models\meta_h16.json
2025-08-12 18:20:17,261 [INFO] train - Valid accuracy: 0.8219
2025-08-12 18:20:17,333 [INFO] train - Saved model: models\xgb_h16.json
2025-08-12 18:20:17,333 [INFO] train - Saved scaler: models\scaler_h16.joblib
2025-08-12 18:20:17,333 [INFO] train - Saved meta: models\meta_h16.json
2025-08-12 18:20:18,542 [INFO] train - Valid accuracy: 0.8336
2025-08-12 18:20:18,615 [INFO] train - Saved model: models\xgb_h16.json
2025-08-12 18:20:18,616 [INFO] train - Saved scaler: models\scaler_h16.joblib
2025-08-12 18:20:18,616 [INFO] train - Saved meta: models\meta_h16.json
2025-08-12 18:20:19,781 [INFO] train - Valid accuracy: 0.8336
2025-08-12 18:20:19,854 [INFO] train - Saved model: models\xgb_h16.json
2025-08-12 18:20:19,854 [INFO] train - Saved scaler: models\scaler_h16.joblib
2025-08-12 18:20:19,855 [INFO] train - Saved meta: models\meta_h16.json
2025-08-12 18:42:30,498 [INFO] train - Valid accuracy: 0.8219
2025-08-12 18:42:30,571 [INFO] train - Saved model bundle at: models\BTCUSDT
2025-08-12 18:42:31,805 [INFO] train - Valid accuracy: 0.8336
2025-08-12 18:42:31,879 [INFO] train - Saved model bundle at: models\ETHUSDT
2025-08-12 18:42:33,062 [INFO] train - Valid accuracy: 0.8336
2025-08-12 18:42:33,135 [INFO] train - Saved model bundle at: models\BCHUSDT
2025-08-12 23:05:51,658 [INFO] train - Valid accuracy: 0.8219
2025-08-12 23:05:51,732 [INFO] train - Saved model bundle at: models\BTCUSDT
2025-08-12 23:05:53,075 [INFO] train - Valid accuracy: 0.8336
2025-08-12 23:05:53,152 [INFO] train - Saved model bundle at: models\ETHUSDT
2025-08-12 23:05:54,518 [INFO] train - Valid accuracy: 0.8336
2025-08-12 23:05:54,592 [INFO] train - Saved model bundle at: models\BCHUSDT
